<?xml version="1.0" encoding="UTF-8"?>
<testsuite name="HelloWorldTest" tests="1" skipped="0" failures="0" errors="0" timestamp="2020-09-07T08:13:36" hostname="EPHUBUDW0106" time="0.029">
  <properties/>
  <testcase name="helloTest()" classname="HelloWorldTest" time="0.029"/>
  <system-out><![CDATA[]]></system-out>
  <system-err><![CDATA[]]></system-err>
</testsuite>
